#
# There is insufficient memory for the Java Runtime Environment to continue.
# Native memory allocation (mmap) failed to map 232783872 bytes for G1 virtual space
# Possible reasons:
#   The system is out of physical RAM or swap space
#   The process is running with CompressedOops enabled, and the Java Heap may be blocking the growth of the native heap
# Possible solutions:
#   Reduce memory load on the system
#   Increase physical memory or swap space
#   Check if swap backing store is full
#   Decrease Java heap size (-Xmx/-Xms)
#   Decrease number of Java threads
#   Decrease Java thread stack sizes (-Xss)
#   Set larger code cache with -XX:ReservedCodeCacheSize=
#   JVM is running with Zero Based Compressed Oops mode in which the Java heap is
#     placed in the first 32GB address space. The Java Heap base address is the
#     maximum limit for the native heap growth. Please use -XX:HeapBaseMinAddress
#     to set the Java Heap base and to place the Java Heap above 32GB virtual address.
# This output file may be truncated or incomplete.
#
#  Out of Memory Error (os_windows.cpp:3613), pid=13452, tid=19928
#
# JRE version:  (17.0.10+7) (build )
# Java VM: OpenJDK 64-Bit Server VM (17.0.10+7-LTS, mixed mode, sharing, tiered, compressed oops, compressed class ptrs, g1 gc, windows-amd64)
# No core dump will be written. Minidumps are not enabled by default on client versions of Windows
#

---------------  S U M M A R Y ------------

Command Line: com.xamarin.manifestmerger.Main obj\Debug\net8.0-android\android\manifestmerger.rsp

Host: AMD Ryzen 5 7530U with Radeon Graphics         , 12 cores, 13G,  Windows 11 , 64 bit Build 26100 (10.0.26100.1)
Time: Tue Apr 16 19:09:41 2024 RTZ 2 (s 11 , 64 bit Build 26100 (10.0.26100.1) elapsed time: 2.612105 seconds (0d 0h 0m 2s)

---------------  T H R E A D  ---------------

Current thread (0x0000013267e0c5b0):  JavaThread "Unknown thread" [_thread_in_vm, id=19928, stack(0x0000002df6000000,0x0000002df6100000)]

Stack: [0x0000002df6000000,0x0000002df6100000]
Native frames: (J=compiled Java code, j=interpreted, Vv=VM code, C=native code)
V  [jvm.dll+0x67d2c9]
V  [jvm.dll+0x834b1a]
V  [jvm.dll+0x8365de]
V  [jvm.dll+0x836c43]
V  [jvm.dll+0x2477ff]
V  [jvm.dll+0x67a109]
V  [jvm.dll+0x66eb7a]
V  [jvm.dll+0x30764b]
V  [jvm.dll+0x30eaf6]
V  [jvm.dll+0x35e83e]
V  [jvm.dll+0x35ea6f]
V  [jvm.dll+0x2de248]
V  [jvm.dll+0x2df1b4]
V  [jvm.dll+0x806381]
V  [jvm.dll+0x36c6f1]
V  [jvm.dll+0x7e4e26]
V  [jvm.dll+0x3eff3f]
V  [jvm.dll+0x3f1b71]
C  [jli.dll+0x528f]
C  [ucrtbase.dll+0x43340]
C  [KERNEL32.DLL+0x31fd7]
C  [ntdll.dll+0x6d7d0]


---------------  P R O C E S S  ---------------

Threads class SMR info:
_java_thread_list=0x00007ff802f7ee98, length=0, elements={
}

Java Threads: ( => current thread )

Other Threads:
  0x0000013267e6df50 GCTaskThread "GC Thread#0" [stack: 0x0000002df6100000,0x0000002df6200000] [id=15620]
  0x0000013267e7ca30 ConcurrentGCThread "G1 Main Marker" [stack: 0x0000002df6200000,0x0000002df6300000] [id=8060]
  0x0000013267e7f680 ConcurrentGCThread "G1 Conc#0" [stack: 0x0000002df6300000,0x0000002df6400000] [id=19724]

[error occurred during error reporting (printing all threads), id 0xc0000005, EXCEPTION_ACCESS_VIOLATION (0xc0000005) at pc=0x00007ff80273ec87]

VM state: not at safepoint (not fully initialized)

VM Mutex/Monitor currently owned by a thread:  ([mutex/lock_event])
[0x0000013267e09380] Heap_lock - owner thread: 0x0000013267e0c5b0

Heap address: 0x0000000722800000, size: 3544 MB, Compressed Oops mode: Zero based, Oop shift amount: 3

CDS archive(s) mapped at: [0x0000000000000000-0x0000000000000000-0x0000000000000000), size 0, SharedBaseAddress: 0x0000000800000000, ArchiveRelocationMode: 1.
Narrow klass base: 0x0000000000000000, Narrow klass shift: 0, Narrow klass range: 0x0

GC Precious Log:
<Empty>

Heap:
 garbage-first heap   total 0K, used 0K [0x0000000722800000, 0x0000000800000000)
  region size 2048K, 0 young (0K), 0 survivors (0K)

[error occurred during error reporting (printing heap information), id 0xc0000005, EXCEPTION_ACCESS_VIOLATION (0xc0000005) at pc=0x00007ff802b26fb9]

GC Heap History (0 events):
No events

Dll operation events (1 events):
Event: 0.010 Loaded shared library C:\Program Files\Amazon Corretto\jdk17.0.10_7\bin\java.dll

Deoptimization events (0 events):
No events

Classes unloaded (0 events):
No events

Classes redefined (0 events):
No events

Internal exceptions (0 events):
No events

VM Operations (0 events):
No events

Events (0 events):
No events


Dynamic libraries:
0x00007ff68cad0000 - 0x00007ff68cade000 	C:\Program Files\Amazon Corretto\jdk17.0.10_7\bin\java.exe
0x00007ff8e4a70000 - 0x00007ff8e4cc5000 	C:\WINDOWS\SYSTEM32\ntdll.dll
0x00007ff8e3930000 - 0x00007ff8e39f7000 	C:\WINDOWS\System32\KERNEL32.DLL
0x00007ff8e22e0000 - 0x00007ff8e2680000 	C:\WINDOWS\System32\KERNELBASE.dll
0x00007ff8df150000 - 0x00007ff8df1f1000 	C:\WINDOWS\SYSTEM32\apphelp.dll
0x00007ff8e1ec0000 - 0x00007ff8e200a000 	C:\WINDOWS\System32\ucrtbase.dll
0x00007ff89fae0000 - 0x00007ff89faf7000 	C:\Program Files\Amazon Corretto\jdk17.0.10_7\bin\jli.dll
0x00007ff89afd0000 - 0x00007ff89afeb000 	C:\Program Files\Amazon Corretto\jdk17.0.10_7\bin\VCRUNTIME140.dll
0x00007ff8e2e10000 - 0x00007ff8e2fcf000 	C:\WINDOWS\System32\USER32.dll
0x00007ff8c35c0000 - 0x00007ff8c3850000 	C:\WINDOWS\WinSxS\amd64_microsoft.windows.common-controls_6595b64144ccf1df_6.0.26100.1_none_fc2d3fda0fd46076\COMCTL32.dll
0x00007ff8e22b0000 - 0x00007ff8e22d7000 	C:\WINDOWS\System32\win32u.dll
0x00007ff8e4200000 - 0x00007ff8e42a9000 	C:\WINDOWS\System32\msvcrt.dll
0x00007ff8e3b60000 - 0x00007ff8e3b8a000 	C:\WINDOWS\System32\GDI32.dll
0x00007ff8e2180000 - 0x00007ff8e22a1000 	C:\WINDOWS\System32\gdi32full.dll
0x00007ff8e20d0000 - 0x00007ff8e2173000 	C:\WINDOWS\System32\msvcp_win.dll
0x00007ff8e3a00000 - 0x00007ff8e3a2f000 	C:\WINDOWS\System32\IMM32.DLL
0x00007ff8b37e0000 - 0x00007ff8b37ec000 	C:\Program Files\Amazon Corretto\jdk17.0.10_7\bin\vcruntime140_1.dll
0x00007ff82fd20000 - 0x00007ff82fdad000 	C:\Program Files\Amazon Corretto\jdk17.0.10_7\bin\msvcp140.dll
0x00007ff802450000 - 0x00007ff8030b2000 	C:\Program Files\Amazon Corretto\jdk17.0.10_7\bin\server\jvm.dll
0x00007ff8e3360000 - 0x00007ff8e3412000 	C:\WINDOWS\System32\ADVAPI32.dll
0x00007ff8e3450000 - 0x00007ff8e34f6000 	C:\WINDOWS\System32\sechost.dll
0x00007ff8e3a40000 - 0x00007ff8e3b59000 	C:\WINDOWS\System32\RPCRT4.dll
0x00007ff8db0d0000 - 0x00007ff8db106000 	C:\WINDOWS\SYSTEM32\WINMM.dll
0x00007ff8e1b20000 - 0x00007ff8e1b6e000 	C:\WINDOWS\SYSTEM32\POWRPROF.dll
0x00007ff8c5010000 - 0x00007ff8c501a000 	C:\WINDOWS\SYSTEM32\WSOCK32.dll
0x00007ff8db110000 - 0x00007ff8db11b000 	C:\WINDOWS\SYSTEM32\VERSION.dll
0x00007ff8e2d90000 - 0x00007ff8e2e04000 	C:\WINDOWS\System32\WS2_32.dll
0x00007ff8e1b00000 - 0x00007ff8e1b14000 	C:\WINDOWS\SYSTEM32\UMPDC.dll
0x00007ff8e0cd0000 - 0x00007ff8e0cea000 	C:\WINDOWS\SYSTEM32\kernel.appcore.dll
0x00007ff8b1710000 - 0x00007ff8b171a000 	C:\Program Files\Amazon Corretto\jdk17.0.10_7\bin\jimage.dll
0x00007ff8d2ca0000 - 0x00007ff8d2ee1000 	C:\WINDOWS\SYSTEM32\DBGHELP.DLL
0x00007ff8e2fe0000 - 0x00007ff8e3355000 	C:\WINDOWS\System32\combase.dll
0x00007ff8e3540000 - 0x00007ff8e3616000 	C:\WINDOWS\System32\OLEAUT32.dll
0x00007ff8d08b0000 - 0x00007ff8d08e9000 	C:\WINDOWS\SYSTEM32\dbgcore.DLL
0x00007ff8e2810000 - 0x00007ff8e28a9000 	C:\WINDOWS\System32\bcryptPrimitives.dll
0x00007ff85ae80000 - 0x00007ff85aea5000 	C:\Program Files\Amazon Corretto\jdk17.0.10_7\bin\java.dll

dbghelp: loaded successfully - version: 4.0.5 - missing functions: none
symbol engine: initialized successfully - sym options: 0x614 - pdb path: .;C:\Program Files\Amazon Corretto\jdk17.0.10_7\bin;C:\WINDOWS\SYSTEM32;C:\WINDOWS\WinSxS\amd64_microsoft.windows.common-controls_6595b64144ccf1df_6.0.26100.1_none_fc2d3fda0fd46076;C:\Program Files\Amazon Corretto\jdk17.0.10_7\bin\server

VM Arguments:
java_command: com.xamarin.manifestmerger.Main obj\Debug\net8.0-android\android\manifestmerger.rsp
java_class_path (initial): C:\Program Files\dotnet\packs\Microsoft.Android.Sdk.Windows\34.0.79\tools\manifestmerger.jar
Launcher Type: SUN_STANDARD

[Global flags]
     intx CICompilerCount                          = 4                                         {product} {ergonomic}
     uint ConcGCThreads                            = 3                                         {product} {ergonomic}
     uint G1ConcRefinementThreads                  = 10                                        {product} {ergonomic}
   size_t G1HeapRegionSize                         = 2097152                                   {product} {ergonomic}
    uintx GCDrainStackTargetSize                   = 64                                        {product} {ergonomic}
   size_t InitialHeapSize                          = 232783872                                 {product} {ergonomic}
   size_t MarkStackSize                            = 4194304                                   {product} {ergonomic}
   size_t MaxHeapSize                              = 3716153344                                {product} {ergonomic}
   size_t MinHeapDeltaBytes                        = 2097152                                   {product} {ergonomic}
   size_t MinHeapSize                              = 8388608                                   {product} {ergonomic}
    uintx NonNMethodCodeHeapSize                   = 5839372                                {pd product} {ergonomic}
    uintx NonProfiledCodeHeapSize                  = 122909434                              {pd product} {ergonomic}
    uintx ProfiledCodeHeapSize                     = 122909434                              {pd product} {ergonomic}
    uintx ReservedCodeCacheSize                    = 251658240                              {pd product} {ergonomic}
     bool SegmentedCodeCache                       = true                                      {product} {ergonomic}
   size_t SoftMaxHeapSize                          = 3716153344                             {manageable} {ergonomic}
     bool UseCompressedClassPointers               = true                           {product lp64_product} {ergonomic}
     bool UseCompressedOops                        = true                           {product lp64_product} {ergonomic}
     bool UseG1GC                                  = true                                      {product} {ergonomic}
     bool UseLargePagesIndividualAllocation        = false                                  {pd product} {ergonomic}

Logging:
Log output configuration:
 #0: stdout all=warning uptime,level,tags
 #1: stderr all=off uptime,level,tags

Environment Variables:
JAVA_HOME=C:\Program Files\Amazon Corretto\jdk17.0.10_7
PATH=C:\Program Files\dotnet;C:\Program Files\Python312\Scripts\;C:\Program Files\Python312\;C:\Program Files\Amazon Corretto\jdk17.0.10_7\bin;C:\Program Files\Eclipse Adoptium\jre-17.0.10.7-hotspot\bin;C:\Program Files\Eclipse Adoptium\jdk-17.0.10.7-hotspot\bin;C:\WINDOWS\system32;C:\WINDOWS;C:\WINDOWS\System32\Wbem;C:\WINDOWS\System32\WindowsPowerShell\v1.0\;C:\WINDOWS\System32\OpenSSH\;C:\Program Files\PuTTY\;C:\Program Files\dotnet\;C:\Program Files\Microsoft SQL Server\150\Tools\Binn\;C:\Program Files\Microsoft SQL Server\Client SDK\ODBC\170\Tools\Binn\;C:\Program Files (x86)\Windows Kits\10\Windows Performance Toolkit\;C:\Program Files\Git\cmd;C:\Users\user\AppData\Local\Microsoft\WindowsApps;C:\Users\user\AppData\Local\JetBrains\Toolbox\scripts;;C:\Users\user\AppData\Local\spicetify;C:\Users\user\.dotnet\tools;C:\Users\user\AppData\Local\Microsoft\WindowsApps
USERNAME=user
OS=Windows_NT
PROCESSOR_IDENTIFIER=AMD64 Family 25 Model 80 Stepping 0, AuthenticAMD
TMP=C:\Users\user\AppData\Local\Temp
TEMP=C:\Users\user\AppData\Local\Temp



Periodic native trim disabled


---------------  S Y S T E M  ---------------

OS:
 Windows 11 , 64 bit Build 26100 (10.0.26100.1)
OS uptime: 0 days 5:59 hours
Hyper-V role detected

CPU: total 12 (initial active 12) (12 cores per cpu, 2 threads per core) family 25 model 80 stepping 0 microcode 0xa50000d, cx8, cmov, fxsr, ht, mmx, 3dnowpref, sse, sse2, sse3, ssse3, sse4a, sse4.1, sse4.2, popcnt, lzcnt, tsc, tscinvbit, avx, avx2, aes, erms, clmul, bmi1, bmi2, adx, sha, fma, vzeroupper, clflush, clflushopt, hv
Processor Information for all 12 processors :
  Max Mhz: 2000, Current Mhz: 2000, Mhz Limit: 2000

Memory: 4k page, system-wide physical 14173M (800M free)
TotalPageFile size 26673M (AvailPageFile size 4M)
current process WorkingSet (physical memory assigned to process): 13M, peak: 13M
current process commit charge ("private bytes"): 64M, peak: 286M

vm_info: OpenJDK 64-Bit Server VM (17.0.10+7-LTS) for windows-amd64 JRE (17.0.10+7-LTS), built on Jan 10 2024 22:11:07 by "Administrator" with MS VC++ 16.10 / 16.11 (VS2019)

END.
